{"level":"info","message":"Service health metrics initialized","service":"health-tracker","timestamp":"2025-05-08 09:37:07"}
{"level":"info","message":"Базы данных успешно инициализированы","service":"health-tracker","timestamp":"2025-05-08 09:37:11"}
{"level":"info","message":"Сервер запущен на порту 3002","service":"health-tracker","timestamp":"2025-05-08 09:37:11"}
{"level":"info","message":"Service health metrics initialized","service":"health-tracker","timestamp":"2025-05-08 09:41:47"}
{"level":"info","message":"Базы данных успешно инициализированы","service":"health-tracker","timestamp":"2025-05-08 09:42:02"}
{"level":"info","message":"Сервер запущен на порту 3002","service":"health-tracker","timestamp":"2025-05-08 09:42:02"}
{"level":"info","message":{"duration":"128ms","ip":"::1","method":"GET","status":200,"url":"/api/dashboard/stats","userAgent":"Mozilla/5.0 (X11; Linux x86_64; rv:138.0) Gecko/20100101 Firefox/138.0"},"service":"health-tracker","timestamp":"2025-05-08 09:42:21"}
{"level":"info","message":{"duration":"238ms","ip":"::1","method":"GET","status":304,"url":"/api/dashboard/stats","userAgent":"Mozilla/5.0 (X11; Linux x86_64; rv:138.0) Gecko/20100101 Firefox/138.0"},"service":"health-tracker","timestamp":"2025-05-08 09:42:21"}
{"level":"info","message":{"duration":"146ms","ip":"::1","method":"POST","status":401,"url":"/api/auth/login","userAgent":"Mozilla/5.0 (X11; Linux x86_64; rv:138.0) Gecko/20100101 Firefox/138.0"},"service":"health-tracker","timestamp":"2025-05-08 09:42:53"}
{"level":"info","message":{"duration":"179ms","ip":"::1","method":"POST","status":200,"url":"/api/auth/login","userAgent":"Mozilla/5.0 (X11; Linux x86_64; rv:138.0) Gecko/20100101 Firefox/138.0"},"service":"health-tracker","timestamp":"2025-05-08 09:42:57"}
{"level":"info","message":{"duration":"37ms","ip":"::1","method":"GET","status":200,"url":"/api/dashboard/stats","userAgent":"Mozilla/5.0 (X11; Linux x86_64; rv:138.0) Gecko/20100101 Firefox/138.0"},"service":"health-tracker","timestamp":"2025-05-08 09:42:57"}
{"level":"info","message":{"duration":"161ms","ip":"::1","method":"GET","status":304,"url":"/api/dashboard/stats","userAgent":"Mozilla/5.0 (X11; Linux x86_64; rv:138.0) Gecko/20100101 Firefox/138.0"},"service":"health-tracker","timestamp":"2025-05-08 09:42:58"}
{"level":"info","message":{"duration":"8ms","ip":"::1","method":"GET","status":304,"url":"/api/wellbeing","userAgent":"Mozilla/5.0 (X11; Linux x86_64; rv:138.0) Gecko/20100101 Firefox/138.0"},"service":"health-tracker","timestamp":"2025-05-08 09:43:02"}
{"level":"info","message":{"duration":"9ms","ip":"::1","method":"GET","status":200,"url":"/api/wellbeing","userAgent":"Mozilla/5.0 (X11; Linux x86_64; rv:138.0) Gecko/20100101 Firefox/138.0"},"service":"health-tracker","timestamp":"2025-05-08 09:43:02"}
{"level":"debug","message":"Sending message to Kafka (topic: wellbeing-records, key: 2)","service":"health-tracker","timestamp":"2025-05-08 09:43:11"}
{"level":"info","message":"Message sent to Kafka (topic: wellbeing-records, key: 2)","service":"health-tracker","timestamp":"2025-05-08 09:43:11"}
{"level":"info","message":"Message sent to Kafka topic: wellbeing-records","service":"health-tracker","timestamp":"2025-05-08 09:43:11"}
{"level":"info","message":{"duration":"422ms","ip":"::1","method":"POST","status":201,"url":"/api/wellbeing","userAgent":"Mozilla/5.0 (X11; Linux x86_64; rv:138.0) Gecko/20100101 Firefox/138.0"},"service":"health-tracker","timestamp":"2025-05-08 09:43:11"}
{"level":"info","message":{"duration":"39ms","ip":"::1","method":"GET","status":200,"url":"/api/wellbeing","userAgent":"Mozilla/5.0 (X11; Linux x86_64; rv:138.0) Gecko/20100101 Firefox/138.0"},"service":"health-tracker","timestamp":"2025-05-08 09:43:12"}
{"level":"info","message":{"duration":"68ms","ip":"::1","method":"GET","status":200,"url":"/api/dashboard/stats","userAgent":"Mozilla/5.0 (X11; Linux x86_64; rv:138.0) Gecko/20100101 Firefox/138.0"},"service":"health-tracker","timestamp":"2025-05-08 09:43:15"}
{"level":"info","message":{"duration":"140ms","ip":"::1","method":"GET","status":200,"url":"/api/dashboard/stats","userAgent":"Mozilla/5.0 (X11; Linux x86_64; rv:138.0) Gecko/20100101 Firefox/138.0"},"service":"health-tracker","timestamp":"2025-05-08 09:43:15"}
{"level":"info","message":{"duration":"134ms","ip":"::1","method":"GET","status":304,"url":"/api/dashboard/stats","userAgent":"Mozilla/5.0 (X11; Linux x86_64; rv:138.0) Gecko/20100101 Firefox/138.0"},"service":"health-tracker","timestamp":"2025-05-08 09:45:01"}
{"level":"info","message":{"duration":"193ms","ip":"::1","method":"GET","status":200,"url":"/api/dashboard/stats","userAgent":"Mozilla/5.0 (X11; Linux x86_64; rv:138.0) Gecko/20100101 Firefox/138.0"},"service":"health-tracker","timestamp":"2025-05-08 09:45:01"}
{"level":"info","message":{"duration":"45ms","ip":"::1","method":"GET","status":304,"url":"/api/nutrition","userAgent":"Mozilla/5.0 (X11; Linux x86_64; rv:138.0) Gecko/20100101 Firefox/138.0"},"service":"health-tracker","timestamp":"2025-05-08 09:45:14"}
{"level":"info","message":{"duration":"41ms","ip":"::1","method":"GET","status":200,"url":"/api/nutrition","userAgent":"Mozilla/5.0 (X11; Linux x86_64; rv:138.0) Gecko/20100101 Firefox/138.0"},"service":"health-tracker","timestamp":"2025-05-08 09:45:14"}
{"level":"info","message":{"duration":"121ms","ip":"::1","method":"GET","status":200,"url":"/api/dashboard/stats","userAgent":"Mozilla/5.0 (X11; Linux x86_64; rv:138.0) Gecko/20100101 Firefox/138.0"},"service":"health-tracker","timestamp":"2025-05-08 09:45:16"}
{"level":"info","message":{"duration":"193ms","ip":"::1","method":"GET","status":304,"url":"/api/dashboard/stats","userAgent":"Mozilla/5.0 (X11; Linux x86_64; rv:138.0) Gecko/20100101 Firefox/138.0"},"service":"health-tracker","timestamp":"2025-05-08 09:45:16"}
{"level":"info","message":"Service health metrics initialized","service":"health-tracker","timestamp":"2025-05-08 09:53:34"}
{"level":"info","message":"Базы данных успешно инициализированы","service":"health-tracker","timestamp":"2025-05-08 09:53:34"}
{"level":"info","message":"Сервер запущен на порту 3002","service":"health-tracker","timestamp":"2025-05-08 09:53:34"}
{"level":"info","message":{"duration":"71ms","ip":"::1","method":"GET","status":200,"url":"/api/metrics","userAgent":"curl/8.11.1"},"service":"health-tracker","timestamp":"2025-05-08 09:53:44"}
{"level":"info","message":{"duration":"39ms","ip":"::1","method":"GET","status":200,"url":"/api/health","userAgent":"curl/8.11.1"},"service":"health-tracker","timestamp":"2025-05-08 09:53:44"}
{"level":"info","message":{"duration":"13ms","ip":"::1","method":"GET","status":200,"url":"/api/health","userAgent":"curl/8.11.1"},"service":"health-tracker","timestamp":"2025-05-08 09:54:00"}
{"level":"info","message":{"duration":"11ms","ip":"::1","method":"GET","status":200,"url":"/api/metrics","userAgent":"curl/8.11.1"},"service":"health-tracker","timestamp":"2025-05-08 09:54:06"}
{"level":"info","message":{"duration":"131ms","ip":"::1","method":"GET","status":200,"url":"/api/dashboard/stats","userAgent":"Mozilla/5.0 (X11; Linux x86_64; rv:138.0) Gecko/20100101 Firefox/138.0"},"service":"health-tracker","timestamp":"2025-05-08 09:54:11"}
{"level":"info","message":{"duration":"209ms","ip":"::1","method":"GET","status":304,"url":"/api/dashboard/stats","userAgent":"Mozilla/5.0 (X11; Linux x86_64; rv:138.0) Gecko/20100101 Firefox/138.0"},"service":"health-tracker","timestamp":"2025-05-08 09:54:11"}
{"level":"info","message":{"duration":"29ms","ip":"::1","method":"GET","status":304,"url":"/api/activity","userAgent":"Mozilla/5.0 (X11; Linux x86_64; rv:138.0) Gecko/20100101 Firefox/138.0"},"service":"health-tracker","timestamp":"2025-05-08 09:54:39"}
{"level":"info","message":{"duration":"32ms","ip":"::1","method":"GET","status":200,"url":"/api/activity","userAgent":"Mozilla/5.0 (X11; Linux x86_64; rv:138.0) Gecko/20100101 Firefox/138.0"},"service":"health-tracker","timestamp":"2025-05-08 09:54:39"}
{"level":"error","message":"Error sending Kafka message: TypeError: kafkaEmulator.processMessage is not a function","service":"health-tracker","timestamp":"2025-05-08 09:54:55"}
{"level":"info","message":{"duration":"441ms","ip":"::1","method":"POST","status":201,"url":"/api/activity","userAgent":"Mozilla/5.0 (X11; Linux x86_64; rv:138.0) Gecko/20100101 Firefox/138.0"},"service":"health-tracker","timestamp":"2025-05-08 09:54:55"}
{"level":"info","message":{"duration":"11ms","ip":"::1","method":"GET","status":200,"url":"/api/activity","userAgent":"Mozilla/5.0 (X11; Linux x86_64; rv:138.0) Gecko/20100101 Firefox/138.0"},"service":"health-tracker","timestamp":"2025-05-08 09:54:55"}
{"level":"info","message":{"duration":"128ms","ip":"::1","method":"GET","status":200,"url":"/api/dashboard/stats","userAgent":"Mozilla/5.0 (X11; Linux x86_64; rv:138.0) Gecko/20100101 Firefox/138.0"},"service":"health-tracker","timestamp":"2025-05-08 09:54:59"}
{"level":"info","message":{"duration":"203ms","ip":"::1","method":"GET","status":200,"url":"/api/dashboard/stats","userAgent":"Mozilla/5.0 (X11; Linux x86_64; rv:138.0) Gecko/20100101 Firefox/138.0"},"service":"health-tracker","timestamp":"2025-05-08 09:54:59"}
{"level":"info","message":{"duration":"6ms","ip":"::ffff:127.0.0.1","method":"GET","status":200,"url":"/api/metrics","userAgent":"Mozilla/5.0 (X11; Linux x86_64; rv:138.0) Gecko/20100101 Firefox/138.0"},"service":"health-tracker","timestamp":"2025-05-08 09:55:07"}
{"level":"info","message":{"duration":"6ms","ip":"::ffff:127.0.0.1","method":"GET","status":200,"url":"/api/metrics","userAgent":"Mozilla/5.0 (X11; Linux x86_64; rv:138.0) Gecko/20100101 Firefox/138.0"},"service":"health-tracker","timestamp":"2025-05-08 09:55:07"}
{"level":"info","message":{"duration":"3ms","ip":"::ffff:127.0.0.1","method":"GET","status":200,"url":"/api/health","userAgent":"Mozilla/5.0 (X11; Linux x86_64; rv:138.0) Gecko/20100101 Firefox/138.0"},"service":"health-tracker","timestamp":"2025-05-08 09:55:28"}
{"level":"info","message":{"duration":"8ms","ip":"::ffff:127.0.0.1","method":"GET","status":200,"url":"/api/health","userAgent":"Mozilla/5.0 (X11; Linux x86_64; rv:138.0) Gecko/20100101 Firefox/138.0"},"service":"health-tracker","timestamp":"2025-05-08 09:55:28"}
{"level":"info","message":{"duration":"60ms","ip":"::1","method":"GET","status":200,"url":"/api/dashboard/stats","userAgent":"Mozilla/5.0 (X11; Linux x86_64; rv:138.0) Gecko/20100101 Firefox/138.0"},"service":"health-tracker","timestamp":"2025-05-08 09:56:00"}
{"level":"info","message":{"duration":"136ms","ip":"::1","method":"GET","status":304,"url":"/api/dashboard/stats","userAgent":"Mozilla/5.0 (X11; Linux x86_64; rv:138.0) Gecko/20100101 Firefox/138.0"},"service":"health-tracker","timestamp":"2025-05-08 09:56:00"}
{"level":"info","message":{"duration":"7ms","ip":"::ffff:127.0.0.1","method":"GET","status":200,"url":"/api/metrics","userAgent":"Mozilla/5.0 (X11; Linux x86_64; rv:138.0) Gecko/20100101 Firefox/138.0"},"service":"health-tracker","timestamp":"2025-05-08 09:56:15"}
{"level":"info","message":{"duration":"16ms","ip":"::ffff:127.0.0.1","method":"GET","status":200,"url":"/api/metrics","userAgent":"Mozilla/5.0 (X11; Linux x86_64; rv:138.0) Gecko/20100101 Firefox/138.0"},"service":"health-tracker","timestamp":"2025-05-08 09:56:15"}
{"level":"info","message":{"duration":"82ms","ip":"::1","method":"GET","status":304,"url":"/api/dashboard/stats","userAgent":"Mozilla/5.0 (X11; Linux x86_64; rv:138.0) Gecko/20100101 Firefox/138.0"},"service":"health-tracker","timestamp":"2025-05-08 09:56:41"}
{"level":"info","message":{"duration":"140ms","ip":"::1","method":"GET","status":200,"url":"/api/dashboard/stats","userAgent":"Mozilla/5.0 (X11; Linux x86_64; rv:138.0) Gecko/20100101 Firefox/138.0"},"service":"health-tracker","timestamp":"2025-05-08 09:56:41"}
{"level":"info","message":{"duration":"23ms","ip":"::ffff:127.0.0.1","method":"GET","status":404,"url":"/api/healyh","userAgent":"Mozilla/5.0 (X11; Linux x86_64; rv:138.0) Gecko/20100101 Firefox/138.0"},"service":"health-tracker","timestamp":"2025-05-08 09:57:51"}
{"level":"info","message":{"duration":"5ms","ip":"::ffff:127.0.0.1","method":"GET","status":200,"url":"/api/health","userAgent":"Mozilla/5.0 (X11; Linux x86_64; rv:138.0) Gecko/20100101 Firefox/138.0"},"service":"health-tracker","timestamp":"2025-05-08 09:57:56"}
{"level":"info","message":{"duration":"5ms","ip":"::ffff:127.0.0.1","method":"GET","status":404,"url":"/favicon.ico","userAgent":"Mozilla/5.0 (X11; Linux x86_64; rv:138.0) Gecko/20100101 Firefox/138.0"},"service":"health-tracker","timestamp":"2025-05-08 09:57:57"}
{"level":"info","message":{"duration":"37ms","ip":"::ffff:127.0.0.1","method":"GET","status":200,"url":"/api/metrics","userAgent":"Mozilla/5.0 (X11; Linux x86_64; rv:138.0) Gecko/20100101 Firefox/138.0"},"service":"health-tracker","timestamp":"2025-05-08 09:58:05"}
{"level":"info","message":{"duration":"3ms","ip":"::ffff:127.0.0.1","method":"GET","status":404,"url":"/favicon.ico","userAgent":"Mozilla/5.0 (X11; Linux x86_64; rv:138.0) Gecko/20100101 Firefox/138.0"},"service":"health-tracker","timestamp":"2025-05-08 09:58:06"}
{"level":"info","message":{"duration":"77ms","ip":"::1","method":"GET","status":304,"url":"/api/dashboard/stats","userAgent":"Mozilla/5.0 (X11; Linux x86_64; rv:138.0) Gecko/20100101 Firefox/138.0"},"service":"health-tracker","timestamp":"2025-05-08 09:58:24"}
{"level":"info","message":{"duration":"166ms","ip":"::1","method":"GET","status":200,"url":"/api/dashboard/stats","userAgent":"Mozilla/5.0 (X11; Linux x86_64; rv:138.0) Gecko/20100101 Firefox/138.0"},"service":"health-tracker","timestamp":"2025-05-08 09:58:24"}
{"level":"info","message":{"duration":"6ms","ip":"::1","method":"GET","status":200,"url":"/api/sleep","userAgent":"Mozilla/5.0 (X11; Linux x86_64; rv:138.0) Gecko/20100101 Firefox/138.0"},"service":"health-tracker","timestamp":"2025-05-08 09:58:29"}
{"level":"info","message":{"duration":"10ms","ip":"::1","method":"GET","status":304,"url":"/api/sleep","userAgent":"Mozilla/5.0 (X11; Linux x86_64; rv:138.0) Gecko/20100101 Firefox/138.0"},"service":"health-tracker","timestamp":"2025-05-08 09:58:29"}
{"level":"info","message":{"duration":"4ms","ip":"::1","method":"GET","status":304,"url":"/api/nutrition","userAgent":"Mozilla/5.0 (X11; Linux x86_64; rv:138.0) Gecko/20100101 Firefox/138.0"},"service":"health-tracker","timestamp":"2025-05-08 09:58:30"}
{"level":"info","message":{"duration":"8ms","ip":"::1","method":"GET","status":200,"url":"/api/nutrition","userAgent":"Mozilla/5.0 (X11; Linux x86_64; rv:138.0) Gecko/20100101 Firefox/138.0"},"service":"health-tracker","timestamp":"2025-05-08 09:58:30"}
{"level":"info","message":{"duration":"14ms","ip":"::1","method":"GET","status":304,"url":"/api/activity","userAgent":"Mozilla/5.0 (X11; Linux x86_64; rv:138.0) Gecko/20100101 Firefox/138.0"},"service":"health-tracker","timestamp":"2025-05-08 09:58:31"}
{"level":"info","message":{"duration":"20ms","ip":"::1","method":"GET","status":200,"url":"/api/activity","userAgent":"Mozilla/5.0 (X11; Linux x86_64; rv:138.0) Gecko/20100101 Firefox/138.0"},"service":"health-tracker","timestamp":"2025-05-08 09:58:31"}
{"level":"info","message":{"duration":"7ms","ip":"::1","method":"GET","status":304,"url":"/api/wellbeing","userAgent":"Mozilla/5.0 (X11; Linux x86_64; rv:138.0) Gecko/20100101 Firefox/138.0"},"service":"health-tracker","timestamp":"2025-05-08 09:58:33"}
{"level":"info","message":{"duration":"12ms","ip":"::1","method":"GET","status":200,"url":"/api/wellbeing","userAgent":"Mozilla/5.0 (X11; Linux x86_64; rv:138.0) Gecko/20100101 Firefox/138.0"},"service":"health-tracker","timestamp":"2025-05-08 09:58:33"}
{"level":"info","message":{"duration":"13ms","ip":"::1","method":"GET","status":304,"url":"/api/nutrition","userAgent":"Mozilla/5.0 (X11; Linux x86_64; rv:138.0) Gecko/20100101 Firefox/138.0"},"service":"health-tracker","timestamp":"2025-05-08 09:58:35"}
{"level":"info","message":{"duration":"43ms","ip":"::1","method":"GET","status":200,"url":"/api/nutrition","userAgent":"Mozilla/5.0 (X11; Linux x86_64; rv:138.0) Gecko/20100101 Firefox/138.0"},"service":"health-tracker","timestamp":"2025-05-08 09:58:35"}
{"level":"error","message":"Error sending Kafka message: TypeError: kafkaEmulator.processMessage is not a function","service":"health-tracker","timestamp":"2025-05-08 09:58:52"}
{"level":"info","message":{"duration":"308ms","ip":"::1","method":"POST","status":201,"url":"/api/nutrition","userAgent":"Mozilla/5.0 (X11; Linux x86_64; rv:138.0) Gecko/20100101 Firefox/138.0"},"service":"health-tracker","timestamp":"2025-05-08 09:58:52"}
{"level":"info","message":{"duration":"15ms","ip":"::1","method":"GET","status":200,"url":"/api/nutrition","userAgent":"Mozilla/5.0 (X11; Linux x86_64; rv:138.0) Gecko/20100101 Firefox/138.0"},"service":"health-tracker","timestamp":"2025-05-08 09:58:53"}
{"level":"info","message":{"duration":"9ms","ip":"::1","method":"GET","status":304,"url":"/api/sleep","userAgent":"Mozilla/5.0 (X11; Linux x86_64; rv:138.0) Gecko/20100101 Firefox/138.0"},"service":"health-tracker","timestamp":"2025-05-08 09:58:57"}
{"level":"info","message":{"duration":"44ms","ip":"::1","method":"GET","status":200,"url":"/api/sleep","userAgent":"Mozilla/5.0 (X11; Linux x86_64; rv:138.0) Gecko/20100101 Firefox/138.0"},"service":"health-tracker","timestamp":"2025-05-08 09:58:57"}
{"level":"error","message":"Error sending Kafka message: TypeError: kafkaEmulator.processMessage is not a function","service":"health-tracker","timestamp":"2025-05-08 09:59:18"}
{"level":"info","message":{"duration":"331ms","ip":"::1","method":"POST","status":201,"url":"/api/sleep","userAgent":"Mozilla/5.0 (X11; Linux x86_64; rv:138.0) Gecko/20100101 Firefox/138.0"},"service":"health-tracker","timestamp":"2025-05-08 09:59:18"}
{"level":"info","message":{"duration":"53ms","ip":"::1","method":"GET","status":200,"url":"/api/sleep","userAgent":"Mozilla/5.0 (X11; Linux x86_64; rv:138.0) Gecko/20100101 Firefox/138.0"},"service":"health-tracker","timestamp":"2025-05-08 09:59:18"}
{"level":"info","message":{"duration":"28ms","ip":"::1","method":"GET","status":304,"url":"/api/sleep","userAgent":"Mozilla/5.0 (X11; Linux x86_64; rv:138.0) Gecko/20100101 Firefox/138.0"},"service":"health-tracker","timestamp":"2025-05-08 10:16:58"}
{"level":"info","message":{"duration":"30ms","ip":"::1","method":"GET","status":200,"url":"/api/sleep","userAgent":"Mozilla/5.0 (X11; Linux x86_64; rv:138.0) Gecko/20100101 Firefox/138.0"},"service":"health-tracker","timestamp":"2025-05-08 10:16:58"}
{"level":"info","message":"Service health metrics initialized","service":"health-tracker","timestamp":"2025-05-08 10:19:43"}
{"level":"info","message":"Базы данных успешно инициализированы","service":"health-tracker","timestamp":"2025-05-08 10:19:43"}
{"level":"info","message":"Сервер запущен на порту 3002","service":"health-tracker","timestamp":"2025-05-08 10:19:43"}
{"level":"info","message":{"duration":"27ms","ip":"::1","method":"GET","status":200,"url":"/api/metrics","userAgent":"curl/8.11.1"},"service":"health-tracker","timestamp":"2025-05-08 10:19:56"}
{"level":"info","message":{"duration":"16ms","ip":"::1","method":"GET","status":200,"url":"/api/health","userAgent":"curl/8.11.1"},"service":"health-tracker","timestamp":"2025-05-08 10:19:56"}
{"level":"info","message":{"duration":"140ms","ip":"::1","method":"GET","status":200,"url":"/api/dashboard/stats","userAgent":"Mozilla/5.0 (X11; Linux x86_64; rv:138.0) Gecko/20100101 Firefox/138.0"},"service":"health-tracker","timestamp":"2025-05-08 10:19:59"}
{"level":"info","message":{"duration":"227ms","ip":"::1","method":"GET","status":200,"url":"/api/dashboard/stats","userAgent":"Mozilla/5.0 (X11; Linux x86_64; rv:138.0) Gecko/20100101 Firefox/138.0"},"service":"health-tracker","timestamp":"2025-05-08 10:19:59"}
{"level":"info","message":{"duration":"10ms","ip":"::1","method":"GET","status":304,"url":"/api/wellbeing","userAgent":"Mozilla/5.0 (X11; Linux x86_64; rv:138.0) Gecko/20100101 Firefox/138.0"},"service":"health-tracker","timestamp":"2025-05-08 10:20:03"}
{"level":"info","message":{"duration":"17ms","ip":"::1","method":"GET","status":200,"url":"/api/wellbeing","userAgent":"Mozilla/5.0 (X11; Linux x86_64; rv:138.0) Gecko/20100101 Firefox/138.0"},"service":"health-tracker","timestamp":"2025-05-08 10:20:03"}
{"level":"error","message":"Error sending Kafka message: TypeError: kafkaEmulator.processMessage is not a function","service":"health-tracker","timestamp":"2025-05-08 10:20:07"}
{"level":"info","message":{"duration":"142ms","ip":"::1","method":"DELETE","status":200,"url":"/api/wellbeing/1","userAgent":"Mozilla/5.0 (X11; Linux x86_64; rv:138.0) Gecko/20100101 Firefox/138.0"},"service":"health-tracker","timestamp":"2025-05-08 10:20:07"}
{"level":"info","message":{"duration":"11ms","ip":"::1","method":"GET","status":200,"url":"/api/wellbeing","userAgent":"Mozilla/5.0 (X11; Linux x86_64; rv:138.0) Gecko/20100101 Firefox/138.0"},"service":"health-tracker","timestamp":"2025-05-08 10:20:07"}
{"level":"info","message":{"duration":"73ms","ip":"::1","method":"GET","status":200,"url":"/api/dashboard/stats","userAgent":"Mozilla/5.0 (X11; Linux x86_64; rv:138.0) Gecko/20100101 Firefox/138.0"},"service":"health-tracker","timestamp":"2025-05-08 10:20:09"}
{"level":"info","message":{"duration":"155ms","ip":"::1","method":"GET","status":200,"url":"/api/dashboard/stats","userAgent":"Mozilla/5.0 (X11; Linux x86_64; rv:138.0) Gecko/20100101 Firefox/138.0"},"service":"health-tracker","timestamp":"2025-05-08 10:20:09"}
{"level":"info","message":{"duration":"34ms","ip":"::1","method":"GET","status":304,"url":"/api/wellbeing","userAgent":"Mozilla/5.0 (X11; Linux x86_64; rv:138.0) Gecko/20100101 Firefox/138.0"},"service":"health-tracker","timestamp":"2025-05-08 10:20:31"}
{"level":"info","message":{"duration":"38ms","ip":"::1","method":"GET","status":200,"url":"/api/wellbeing","userAgent":"Mozilla/5.0 (X11; Linux x86_64; rv:138.0) Gecko/20100101 Firefox/138.0"},"service":"health-tracker","timestamp":"2025-05-08 10:20:31"}
{"level":"error","message":"Error sending Kafka message: TypeError: kafkaEmulator.processMessage is not a function","service":"health-tracker","timestamp":"2025-05-08 10:21:02"}
{"level":"info","message":{"duration":"337ms","ip":"::1","method":"PUT","status":200,"url":"/api/wellbeing/2","userAgent":"Mozilla/5.0 (X11; Linux x86_64; rv:138.0) Gecko/20100101 Firefox/138.0"},"service":"health-tracker","timestamp":"2025-05-08 10:21:02"}
{"level":"info","message":{"duration":"38ms","ip":"::1","method":"GET","status":200,"url":"/api/wellbeing","userAgent":"Mozilla/5.0 (X11; Linux x86_64; rv:138.0) Gecko/20100101 Firefox/138.0"},"service":"health-tracker","timestamp":"2025-05-08 10:21:02"}
{"level":"info","message":{"duration":"52ms","ip":"::1","method":"GET","status":200,"url":"/api/dashboard/stats","userAgent":"Mozilla/5.0 (X11; Linux x86_64; rv:138.0) Gecko/20100101 Firefox/138.0"},"service":"health-tracker","timestamp":"2025-05-08 10:21:07"}
{"level":"info","message":{"duration":"150ms","ip":"::1","method":"GET","status":200,"url":"/api/dashboard/stats","userAgent":"Mozilla/5.0 (X11; Linux x86_64; rv:138.0) Gecko/20100101 Firefox/138.0"},"service":"health-tracker","timestamp":"2025-05-08 10:21:07"}
{"level":"info","message":{"duration":"6ms","ip":"::ffff:127.0.0.1","method":"GET","status":200,"url":"/api/health","userAgent":"Mozilla/5.0 (X11; Linux x86_64; rv:138.0) Gecko/20100101 Firefox/138.0"},"service":"health-tracker","timestamp":"2025-05-08 10:21:23"}
{"level":"info","message":{"duration":"3ms","ip":"::ffff:127.0.0.1","method":"GET","status":200,"url":"/api/health","userAgent":"Mozilla/5.0 (X11; Linux x86_64; rv:138.0) Gecko/20100101 Firefox/138.0"},"service":"health-tracker","timestamp":"2025-05-08 10:21:23"}
{"level":"info","message":{"duration":"7ms","ip":"::ffff:127.0.0.1","method":"GET","status":200,"url":"/api/metrics","userAgent":"Mozilla/5.0 (X11; Linux x86_64; rv:138.0) Gecko/20100101 Firefox/138.0"},"service":"health-tracker","timestamp":"2025-05-08 10:21:32"}
{"level":"info","message":{"duration":"4ms","ip":"::ffff:127.0.0.1","method":"GET","status":200,"url":"/api/metrics","userAgent":"Mozilla/5.0 (X11; Linux x86_64; rv:138.0) Gecko/20100101 Firefox/138.0"},"service":"health-tracker","timestamp":"2025-05-08 10:21:32"}
{"level":"info","message":{"duration":"18ms","ip":"::ffff:127.0.0.1","method":"GET","status":200,"url":"/api/health","userAgent":"Mozilla/5.0 (X11; Linux x86_64; rv:138.0) Gecko/20100101 Firefox/138.0"},"service":"health-tracker","timestamp":"2025-05-08 10:24:14"}
{"level":"info","message":{"duration":"9ms","ip":"::ffff:127.0.0.1","method":"GET","status":200,"url":"/api/health","userAgent":"Mozilla/5.0 (X11; Linux x86_64; rv:138.0) Gecko/20100101 Firefox/138.0"},"service":"health-tracker","timestamp":"2025-05-08 10:24:14"}
{"level":"info","message":{"duration":"58ms","ip":"::1","method":"GET","status":304,"url":"/api/dashboard/stats","userAgent":"Mozilla/5.0 (X11; Linux x86_64; rv:138.0) Gecko/20100101 Firefox/138.0"},"service":"health-tracker","timestamp":"2025-05-08 10:31:50"}
{"level":"info","message":{"duration":"112ms","ip":"::1","method":"GET","status":200,"url":"/api/dashboard/stats","userAgent":"Mozilla/5.0 (X11; Linux x86_64; rv:138.0) Gecko/20100101 Firefox/138.0"},"service":"health-tracker","timestamp":"2025-05-08 10:31:50"}
{"level":"info","message":{"duration":"8ms","ip":"::1","method":"GET","status":304,"url":"/api/sleep","userAgent":"Mozilla/5.0 (X11; Linux x86_64; rv:138.0) Gecko/20100101 Firefox/138.0"},"service":"health-tracker","timestamp":"2025-05-08 10:31:52"}
{"level":"info","message":{"duration":"11ms","ip":"::1","method":"GET","status":200,"url":"/api/sleep","userAgent":"Mozilla/5.0 (X11; Linux x86_64; rv:138.0) Gecko/20100101 Firefox/138.0"},"service":"health-tracker","timestamp":"2025-05-08 10:31:52"}
{"level":"info","message":{"duration":"54ms","ip":"::1","method":"GET","status":304,"url":"/api/dashboard/stats","userAgent":"Mozilla/5.0 (X11; Linux x86_64; rv:138.0) Gecko/20100101 Firefox/138.0"},"service":"health-tracker","timestamp":"2025-05-08 10:31:53"}
{"level":"info","message":{"duration":"73ms","ip":"::1","method":"GET","status":200,"url":"/api/dashboard/stats","userAgent":"Mozilla/5.0 (X11; Linux x86_64; rv:138.0) Gecko/20100101 Firefox/138.0"},"service":"health-tracker","timestamp":"2025-05-08 10:31:53"}
{"level":"info","message":{"duration":"112ms","ip":"::1","method":"GET","status":200,"url":"/api/dashboard/stats","userAgent":"Mozilla/5.0 (X11; Linux x86_64; rv:138.0) Gecko/20100101 Firefox/138.0"},"service":"health-tracker","timestamp":"2025-05-08 10:41:48"}
{"level":"info","message":{"duration":"162ms","ip":"::1","method":"GET","status":304,"url":"/api/dashboard/stats","userAgent":"Mozilla/5.0 (X11; Linux x86_64; rv:138.0) Gecko/20100101 Firefox/138.0"},"service":"health-tracker","timestamp":"2025-05-08 10:41:48"}
{"level":"info","message":{"duration":"82ms","ip":"::1","method":"GET","status":304,"url":"/api/dashboard/stats","userAgent":"Mozilla/5.0 (X11; Linux x86_64; rv:138.0) Gecko/20100101 Firefox/138.0"},"service":"health-tracker","timestamp":"2025-05-08 10:42:05"}
{"level":"info","message":{"duration":"149ms","ip":"::1","method":"GET","status":200,"url":"/api/dashboard/stats","userAgent":"Mozilla/5.0 (X11; Linux x86_64; rv:138.0) Gecko/20100101 Firefox/138.0"},"service":"health-tracker","timestamp":"2025-05-08 10:42:05"}
{"level":"info","message":"Service health metrics initialized","service":"health-tracker","timestamp":"2025-05-08 10:52:51"}
{"level":"info","message":"Базы данных успешно инициализированы","service":"health-tracker","timestamp":"2025-05-08 10:52:51"}
{"level":"info","message":"Сервер запущен на порту 3002","service":"health-tracker","timestamp":"2025-05-08 10:52:51"}
{"level":"info","message":{"duration":"16ms","ip":"::1","method":"GET","status":200,"url":"/api/metrics","userAgent":"curl/8.11.1"},"service":"health-tracker","timestamp":"2025-05-08 10:53:05"}
{"level":"info","message":{"duration":"17ms","ip":"::1","method":"GET","status":200,"url":"/api/health","userAgent":"curl/8.11.1"},"service":"health-tracker","timestamp":"2025-05-08 10:53:05"}
{"level":"info","message":{"duration":"98ms","ip":"::1","method":"GET","status":304,"url":"/api/dashboard/stats","userAgent":"Mozilla/5.0 (X11; Linux x86_64; rv:138.0) Gecko/20100101 Firefox/138.0"},"service":"health-tracker","timestamp":"2025-05-08 10:53:08"}
{"level":"info","message":{"duration":"147ms","ip":"::1","method":"GET","status":200,"url":"/api/dashboard/stats","userAgent":"Mozilla/5.0 (X11; Linux x86_64; rv:138.0) Gecko/20100101 Firefox/138.0"},"service":"health-tracker","timestamp":"2025-05-08 10:53:08"}
{"level":"info","message":{"duration":"24ms","ip":"::1","method":"GET","status":200,"url":"/api/nutrition","userAgent":"Mozilla/5.0 (X11; Linux x86_64; rv:138.0) Gecko/20100101 Firefox/138.0"},"service":"health-tracker","timestamp":"2025-05-08 10:53:29"}
{"level":"info","message":{"duration":"26ms","ip":"::1","method":"GET","status":200,"url":"/api/nutrition","userAgent":"Mozilla/5.0 (X11; Linux x86_64; rv:138.0) Gecko/20100101 Firefox/138.0"},"service":"health-tracker","timestamp":"2025-05-08 10:53:29"}
{"level":"info","message":{"duration":"94ms","ip":"::1","method":"GET","status":200,"url":"/api/dashboard/stats","userAgent":"Mozilla/5.0 (X11; Linux x86_64; rv:138.0) Gecko/20100101 Firefox/138.0"},"service":"health-tracker","timestamp":"2025-05-08 10:53:32"}
{"level":"info","message":{"duration":"195ms","ip":"::1","method":"GET","status":304,"url":"/api/dashboard/stats","userAgent":"Mozilla/5.0 (X11; Linux x86_64; rv:138.0) Gecko/20100101 Firefox/138.0"},"service":"health-tracker","timestamp":"2025-05-08 10:53:32"}
{"level":"info","message":{"duration":"136ms","ip":"::1","method":"POST","status":401,"url":"/api/auth/login","userAgent":"Mozilla/5.0 (X11; Linux x86_64; rv:138.0) Gecko/20100101 Firefox/138.0"},"service":"health-tracker","timestamp":"2025-05-08 10:53:54"}
{"level":"info","message":{"duration":"348ms","ip":"::1","method":"POST","status":200,"url":"/api/auth/login","userAgent":"Mozilla/5.0 (X11; Linux x86_64; rv:138.0) Gecko/20100101 Firefox/138.0"},"service":"health-tracker","timestamp":"2025-05-08 10:53:57"}
{"level":"info","message":{"duration":"116ms","ip":"::1","method":"GET","status":200,"url":"/api/dashboard/stats","userAgent":"Mozilla/5.0 (X11; Linux x86_64; rv:138.0) Gecko/20100101 Firefox/138.0"},"service":"health-tracker","timestamp":"2025-05-08 10:53:58"}
{"level":"info","message":{"duration":"178ms","ip":"::1","method":"GET","status":304,"url":"/api/dashboard/stats","userAgent":"Mozilla/5.0 (X11; Linux x86_64; rv:138.0) Gecko/20100101 Firefox/138.0"},"service":"health-tracker","timestamp":"2025-05-08 10:53:58"}
{"level":"info","message":{"duration":"24ms","ip":"::1","method":"GET","status":200,"url":"/api/activity","userAgent":"Mozilla/5.0 (X11; Linux x86_64; rv:138.0) Gecko/20100101 Firefox/138.0"},"service":"health-tracker","timestamp":"2025-05-08 10:54:02"}
{"level":"info","message":{"duration":"40ms","ip":"::1","method":"GET","status":304,"url":"/api/activity","userAgent":"Mozilla/5.0 (X11; Linux x86_64; rv:138.0) Gecko/20100101 Firefox/138.0"},"service":"health-tracker","timestamp":"2025-05-08 10:54:02"}
{"level":"info","message":{"duration":"51ms","ip":"::1","method":"GET","status":304,"url":"/api/dashboard/stats","userAgent":"Mozilla/5.0 (X11; Linux x86_64; rv:138.0) Gecko/20100101 Firefox/138.0"},"service":"health-tracker","timestamp":"2025-05-08 10:54:06"}
{"level":"info","message":{"duration":"62ms","ip":"::1","method":"GET","status":200,"url":"/api/dashboard/stats","userAgent":"Mozilla/5.0 (X11; Linux x86_64; rv:138.0) Gecko/20100101 Firefox/138.0"},"service":"health-tracker","timestamp":"2025-05-08 10:54:06"}
{"level":"info","message":{"duration":"335ms","ip":"::1","method":"POST","status":401,"url":"/api/auth/login","userAgent":"Mozilla/5.0 (X11; Linux x86_64; rv:138.0) Gecko/20100101 Firefox/138.0"},"service":"health-tracker","timestamp":"2025-05-08 11:00:07"}
{"level":"info","message":{"duration":"179ms","ip":"::1","method":"POST","status":200,"url":"/api/auth/login","userAgent":"Mozilla/5.0 (X11; Linux x86_64; rv:138.0) Gecko/20100101 Firefox/138.0"},"service":"health-tracker","timestamp":"2025-05-08 11:00:10"}
{"level":"info","message":{"duration":"139ms","ip":"::1","method":"GET","status":200,"url":"/api/dashboard/stats","userAgent":"Mozilla/5.0 (X11; Linux x86_64; rv:138.0) Gecko/20100101 Firefox/138.0"},"service":"health-tracker","timestamp":"2025-05-08 11:00:10"}
{"level":"info","message":{"duration":"187ms","ip":"::1","method":"GET","status":304,"url":"/api/dashboard/stats","userAgent":"Mozilla/5.0 (X11; Linux x86_64; rv:138.0) Gecko/20100101 Firefox/138.0"},"service":"health-tracker","timestamp":"2025-05-08 11:00:10"}
{"level":"info","message":{"duration":"10ms","ip":"::1","method":"GET","status":304,"url":"/api/sleep","userAgent":"Mozilla/5.0 (X11; Linux x86_64; rv:138.0) Gecko/20100101 Firefox/138.0"},"service":"health-tracker","timestamp":"2025-05-08 11:00:17"}
{"level":"info","message":{"duration":"12ms","ip":"::1","method":"GET","status":200,"url":"/api/sleep","userAgent":"Mozilla/5.0 (X11; Linux x86_64; rv:138.0) Gecko/20100101 Firefox/138.0"},"service":"health-tracker","timestamp":"2025-05-08 11:00:17"}
{"level":"error","message":"Error sending Kafka message: TypeError: kafkaEmulator.processMessage is not a function","service":"health-tracker","timestamp":"2025-05-08 11:00:42"}
{"level":"info","message":{"duration":"536ms","ip":"::1","method":"POST","status":201,"url":"/api/sleep","userAgent":"Mozilla/5.0 (X11; Linux x86_64; rv:138.0) Gecko/20100101 Firefox/138.0"},"service":"health-tracker","timestamp":"2025-05-08 11:00:42"}
{"level":"info","message":{"duration":"9ms","ip":"::1","method":"GET","status":200,"url":"/api/sleep","userAgent":"Mozilla/5.0 (X11; Linux x86_64; rv:138.0) Gecko/20100101 Firefox/138.0"},"service":"health-tracker","timestamp":"2025-05-08 11:00:42"}
{"level":"info","message":{"duration":"70ms","ip":"::1","method":"GET","status":200,"url":"/api/dashboard/stats","userAgent":"Mozilla/5.0 (X11; Linux x86_64; rv:138.0) Gecko/20100101 Firefox/138.0"},"service":"health-tracker","timestamp":"2025-05-08 11:00:47"}
{"level":"info","message":{"duration":"212ms","ip":"::1","method":"GET","status":200,"url":"/api/dashboard/stats","userAgent":"Mozilla/5.0 (X11; Linux x86_64; rv:138.0) Gecko/20100101 Firefox/138.0"},"service":"health-tracker","timestamp":"2025-05-08 11:00:47"}
{"level":"info","message":{"duration":"4ms","ip":"::1","method":"GET","status":304,"url":"/api/nutrition","userAgent":"Mozilla/5.0 (X11; Linux x86_64; rv:138.0) Gecko/20100101 Firefox/138.0"},"service":"health-tracker","timestamp":"2025-05-08 11:00:51"}
{"level":"info","message":{"duration":"62ms","ip":"::1","method":"GET","status":200,"url":"/api/nutrition","userAgent":"Mozilla/5.0 (X11; Linux x86_64; rv:138.0) Gecko/20100101 Firefox/138.0"},"service":"health-tracker","timestamp":"2025-05-08 11:00:51"}
{"level":"error","message":"Error sending Kafka message: TypeError: kafkaEmulator.processMessage is not a function","service":"health-tracker","timestamp":"2025-05-08 11:01:24"}
{"level":"info","message":{"duration":"523ms","ip":"::1","method":"POST","status":201,"url":"/api/nutrition","userAgent":"Mozilla/5.0 (X11; Linux x86_64; rv:138.0) Gecko/20100101 Firefox/138.0"},"service":"health-tracker","timestamp":"2025-05-08 11:01:24"}
{"level":"info","message":{"duration":"46ms","ip":"::1","method":"GET","status":200,"url":"/api/nutrition","userAgent":"Mozilla/5.0 (X11; Linux x86_64; rv:138.0) Gecko/20100101 Firefox/138.0"},"service":"health-tracker","timestamp":"2025-05-08 11:01:24"}
{"level":"info","message":{"duration":"12ms","ip":"::1","method":"GET","status":304,"url":"/api/activity","userAgent":"Mozilla/5.0 (X11; Linux x86_64; rv:138.0) Gecko/20100101 Firefox/138.0"},"service":"health-tracker","timestamp":"2025-05-08 11:01:27"}
{"level":"info","message":{"duration":"9ms","ip":"::1","method":"GET","status":200,"url":"/api/activity","userAgent":"Mozilla/5.0 (X11; Linux x86_64; rv:138.0) Gecko/20100101 Firefox/138.0"},"service":"health-tracker","timestamp":"2025-05-08 11:01:27"}
{"level":"error","message":"Error sending Kafka message: TypeError: kafkaEmulator.processMessage is not a function","service":"health-tracker","timestamp":"2025-05-08 11:01:43"}
{"level":"info","message":{"duration":"551ms","ip":"::1","method":"POST","status":201,"url":"/api/activity","userAgent":"Mozilla/5.0 (X11; Linux x86_64; rv:138.0) Gecko/20100101 Firefox/138.0"},"service":"health-tracker","timestamp":"2025-05-08 11:01:43"}
{"level":"info","message":{"duration":"4ms","ip":"::1","method":"GET","status":200,"url":"/api/activity","userAgent":"Mozilla/5.0 (X11; Linux x86_64; rv:138.0) Gecko/20100101 Firefox/138.0"},"service":"health-tracker","timestamp":"2025-05-08 11:01:43"}
{"level":"info","message":{"duration":"16ms","ip":"::1","method":"GET","status":304,"url":"/api/wellbeing","userAgent":"Mozilla/5.0 (X11; Linux x86_64; rv:138.0) Gecko/20100101 Firefox/138.0"},"service":"health-tracker","timestamp":"2025-05-08 11:01:46"}
{"level":"info","message":{"duration":"80ms","ip":"::1","method":"GET","status":200,"url":"/api/wellbeing","userAgent":"Mozilla/5.0 (X11; Linux x86_64; rv:138.0) Gecko/20100101 Firefox/138.0"},"service":"health-tracker","timestamp":"2025-05-08 11:01:46"}
{"level":"error","message":"Error sending Kafka message: TypeError: kafkaEmulator.processMessage is not a function","service":"health-tracker","timestamp":"2025-05-08 11:01:59"}
{"level":"info","message":{"duration":"401ms","ip":"::1","method":"POST","status":201,"url":"/api/wellbeing","userAgent":"Mozilla/5.0 (X11; Linux x86_64; rv:138.0) Gecko/20100101 Firefox/138.0"},"service":"health-tracker","timestamp":"2025-05-08 11:01:59"}
{"level":"info","message":{"duration":"58ms","ip":"::1","method":"GET","status":200,"url":"/api/wellbeing","userAgent":"Mozilla/5.0 (X11; Linux x86_64; rv:138.0) Gecko/20100101 Firefox/138.0"},"service":"health-tracker","timestamp":"2025-05-08 11:02:00"}
{"level":"error","message":"Error sending Kafka message: TypeError: kafkaEmulator.processMessage is not a function","service":"health-tracker","timestamp":"2025-05-08 11:02:04"}
{"level":"info","message":{"duration":"84ms","ip":"::1","method":"DELETE","status":200,"url":"/api/wellbeing/3","userAgent":"Mozilla/5.0 (X11; Linux x86_64; rv:138.0) Gecko/20100101 Firefox/138.0"},"service":"health-tracker","timestamp":"2025-05-08 11:02:04"}
{"level":"info","message":{"duration":"6ms","ip":"::1","method":"GET","status":200,"url":"/api/wellbeing","userAgent":"Mozilla/5.0 (X11; Linux x86_64; rv:138.0) Gecko/20100101 Firefox/138.0"},"service":"health-tracker","timestamp":"2025-05-08 11:02:04"}
{"level":"info","message":{"duration":"6ms","ip":"::1","method":"GET","status":304,"url":"/api/activity","userAgent":"Mozilla/5.0 (X11; Linux x86_64; rv:138.0) Gecko/20100101 Firefox/138.0"},"service":"health-tracker","timestamp":"2025-05-08 11:02:06"}
{"level":"info","message":{"duration":"46ms","ip":"::1","method":"GET","status":200,"url":"/api/activity","userAgent":"Mozilla/5.0 (X11; Linux x86_64; rv:138.0) Gecko/20100101 Firefox/138.0"},"service":"health-tracker","timestamp":"2025-05-08 11:02:07"}
{"level":"error","message":"Error sending Kafka message: TypeError: kafkaEmulator.processMessage is not a function","service":"health-tracker","timestamp":"2025-05-08 11:02:08"}
{"level":"info","message":{"duration":"97ms","ip":"::1","method":"DELETE","status":200,"url":"/api/activity/4","userAgent":"Mozilla/5.0 (X11; Linux x86_64; rv:138.0) Gecko/20100101 Firefox/138.0"},"service":"health-tracker","timestamp":"2025-05-08 11:02:08"}
{"level":"info","message":{"duration":"6ms","ip":"::1","method":"GET","status":200,"url":"/api/activity","userAgent":"Mozilla/5.0 (X11; Linux x86_64; rv:138.0) Gecko/20100101 Firefox/138.0"},"service":"health-tracker","timestamp":"2025-05-08 11:02:08"}
{"level":"info","message":{"duration":"7ms","ip":"::1","method":"GET","status":304,"url":"/api/nutrition","userAgent":"Mozilla/5.0 (X11; Linux x86_64; rv:138.0) Gecko/20100101 Firefox/138.0"},"service":"health-tracker","timestamp":"2025-05-08 11:02:10"}
{"level":"info","message":{"duration":"8ms","ip":"::1","method":"GET","status":200,"url":"/api/nutrition","userAgent":"Mozilla/5.0 (X11; Linux x86_64; rv:138.0) Gecko/20100101 Firefox/138.0"},"service":"health-tracker","timestamp":"2025-05-08 11:02:10"}
{"level":"error","message":"Error sending Kafka message: TypeError: kafkaEmulator.processMessage is not a function","service":"health-tracker","timestamp":"2025-05-08 11:02:12"}
{"level":"info","message":{"duration":"78ms","ip":"::1","method":"DELETE","status":200,"url":"/api/nutrition/5","userAgent":"Mozilla/5.0 (X11; Linux x86_64; rv:138.0) Gecko/20100101 Firefox/138.0"},"service":"health-tracker","timestamp":"2025-05-08 11:02:12"}
{"level":"info","message":{"duration":"4ms","ip":"::1","method":"GET","status":200,"url":"/api/nutrition","userAgent":"Mozilla/5.0 (X11; Linux x86_64; rv:138.0) Gecko/20100101 Firefox/138.0"},"service":"health-tracker","timestamp":"2025-05-08 11:02:12"}
{"level":"info","message":{"duration":"7ms","ip":"::1","method":"GET","status":304,"url":"/api/sleep","userAgent":"Mozilla/5.0 (X11; Linux x86_64; rv:138.0) Gecko/20100101 Firefox/138.0"},"service":"health-tracker","timestamp":"2025-05-08 11:02:14"}
{"level":"info","message":{"duration":"23ms","ip":"::1","method":"GET","status":200,"url":"/api/sleep","userAgent":"Mozilla/5.0 (X11; Linux x86_64; rv:138.0) Gecko/20100101 Firefox/138.0"},"service":"health-tracker","timestamp":"2025-05-08 11:02:14"}
{"level":"error","message":"Error sending Kafka message: TypeError: kafkaEmulator.processMessage is not a function","service":"health-tracker","timestamp":"2025-05-08 11:02:15"}
{"level":"info","message":{"duration":"100ms","ip":"::1","method":"DELETE","status":200,"url":"/api/sleep/6","userAgent":"Mozilla/5.0 (X11; Linux x86_64; rv:138.0) Gecko/20100101 Firefox/138.0"},"service":"health-tracker","timestamp":"2025-05-08 11:02:15"}
{"level":"info","message":{"duration":"5ms","ip":"::1","method":"GET","status":200,"url":"/api/sleep","userAgent":"Mozilla/5.0 (X11; Linux x86_64; rv:138.0) Gecko/20100101 Firefox/138.0"},"service":"health-tracker","timestamp":"2025-05-08 11:02:15"}
{"level":"info","message":{"duration":"87ms","ip":"::1","method":"GET","status":200,"url":"/api/dashboard/stats","userAgent":"Mozilla/5.0 (X11; Linux x86_64; rv:138.0) Gecko/20100101 Firefox/138.0"},"service":"health-tracker","timestamp":"2025-05-08 11:02:17"}
{"level":"info","message":{"duration":"208ms","ip":"::1","method":"GET","status":200,"url":"/api/dashboard/stats","userAgent":"Mozilla/5.0 (X11; Linux x86_64; rv:138.0) Gecko/20100101 Firefox/138.0"},"service":"health-tracker","timestamp":"2025-05-08 11:02:17"}
{"level":"info","message":{"duration":"9ms","ip":"::ffff:127.0.0.1","method":"GET","status":200,"url":"/api/health","userAgent":"Mozilla/5.0 (X11; Linux x86_64; rv:138.0) Gecko/20100101 Firefox/138.0"},"service":"health-tracker","timestamp":"2025-05-08 11:02:30"}
{"level":"info","message":{"duration":"4ms","ip":"::ffff:127.0.0.1","method":"GET","status":200,"url":"/api/health","userAgent":"Mozilla/5.0 (X11; Linux x86_64; rv:138.0) Gecko/20100101 Firefox/138.0"},"service":"health-tracker","timestamp":"2025-05-08 11:02:30"}
{"level":"info","message":{"duration":"8ms","ip":"::ffff:127.0.0.1","method":"GET","status":200,"url":"/api/metrics","userAgent":"Mozilla/5.0 (X11; Linux x86_64; rv:138.0) Gecko/20100101 Firefox/138.0"},"service":"health-tracker","timestamp":"2025-05-08 11:02:38"}
{"level":"info","message":{"duration":"9ms","ip":"::ffff:127.0.0.1","method":"GET","status":200,"url":"/api/metrics","userAgent":"Mozilla/5.0 (X11; Linux x86_64; rv:138.0) Gecko/20100101 Firefox/138.0"},"service":"health-tracker","timestamp":"2025-05-08 11:02:38"}
{"level":"info","message":{"duration":"127ms","ip":"::1","method":"GET","status":200,"url":"/api/dashboard/stats","userAgent":"Mozilla/5.0 (X11; Linux x86_64; rv:138.0) Gecko/20100101 Firefox/138.0"},"service":"health-tracker","timestamp":"2025-05-08 11:02:51"}
{"level":"info","message":{"duration":"155ms","ip":"::1","method":"GET","status":304,"url":"/api/dashboard/stats","userAgent":"Mozilla/5.0 (X11; Linux x86_64; rv:138.0) Gecko/20100101 Firefox/138.0"},"service":"health-tracker","timestamp":"2025-05-08 11:02:51"}
